mobile+cffi returned 429: Mobile login returned 429 — IP rate limited by Garmin
mobile+requests returned 429: Mobile login returned 429 — IP rate limited by Garmin
[main 81d339b] 🛰️ Dashboard Updated - 2026-05-23
 2 files changed, 3 insertions(+), 1 deletion(-)
 create mode 100644 cron_run.log
To github.com:kipchogelee/cyber-test.git
   5607c25..81d339b  main -> main
--- 🏁 啟動程式內建課表流水線 ---
🛰️ 正在連線至 Garmin 國際雲端伺服器...
🎯 數據抓取成功！距離: 0.00 km | 平均心率: 0 bpm
🎯 手機網頁 Dashboard (index.html) 更新成功！
🐙 正在同步至 GitHub...
🎉 【全線通車】手機端網頁已完美同步！
--- 🏁 流程執行完畢 ---
mobile+cffi returned 429: Mobile login returned 429 — IP rate limited by Garmin
mobile+requests returned 429: Mobile login returned 429 — IP rate limited by Garmin
[main 2ac5a73] 🛰️ Dashboard Updated - 2026-05-24
 2 files changed, 15 insertions(+), 1 deletion(-)
To github.com:kipchogelee/cyber-test.git
   81d339b..2ac5a73  main -> main
--- 🏁 啟動程式內建課表流水線 ---
🛰️ 正在連線至 Garmin 國際雲端伺服器...
🎯 數據抓取成功！距離: 0.00 km | 平均心率: 0 bpm
🎯 手機網頁 Dashboard (index.html) 更新成功！
🐙 正在同步至 GitHub...
🎉 【全線通車】手機端網頁已完美同步！
--- 🏁 流程執行完畢 ---
mobile+cffi returned 429: Mobile login returned 429 — IP rate limited by Garmin
mobile+requests returned 429: Mobile login returned 429 — IP rate limited by Garmin
[main b8b4565] 🛰️ Dashboard Updated - 2026-05-25
 2 files changed, 14 insertions(+), 1 deletion(-)
To github.com:kipchogelee/cyber-test.git
   2ac5a73..b8b4565  main -> main
--- 🏁 啟動程式內建課表流水線 ---
🛰️ 正在連線至 Garmin 國際雲端伺服器...
🎯 數據抓取成功！距離: 0.00 km | 平均心率: 0 bpm
🎯 手機網頁 Dashboard (index.html) 更新成功！
🐙 正在同步至 GitHub...
🎉 【全線通車】手機端網頁已完美同步！
--- 🏁 流程執行完畢 ---
mobile+cffi returned 429: Mobile login returned 429 — IP rate limited by Garmin
mobile+requests returned 429: Mobile login returned 429 — IP rate limited by Garmin
[main 325d4cc] 🛰️ Dashboard Updated - 2026-05-26
 2 files changed, 14 insertions(+), 1 deletion(-)
To github.com:kipchogelee/cyber-test.git
   b8b4565..325d4cc  main -> main
--- 🏁 啟動程式內建課表流水線 ---
🛰️ 正在連線至 Garmin 國際雲端伺服器...
🎯 數據抓取成功！距離: 0.00 km | 平均心率: 0 bpm
🎯 手機網頁 Dashboard (index.html) 更新成功！
🐙 正在同步至 GitHub...
🎉 【全線通車】手機端網頁已完美同步！
--- 🏁 流程執行完畢 ---
mobile+cffi returned 429: Mobile login returned 429 — IP rate limited by Garmin
mobile+requests returned 429: Mobile login returned 429 — IP rate limited by Garmin
[main f8f611b] 🛰️ Dashboard Updated - 2026-05-28
 3 files changed, 75 insertions(+), 1 deletion(-)
 create mode 100644 generate_dashboard.py
To github.com:kipchogelee/cyber-test.git
   325d4cc..f8f611b  main -> main
--- 🏁 啟動程式內建課表流水線 ---
🛰️ 正在連線至 Garmin 國際雲端伺服器...
🎯 數據抓取成功！距離: 0.00 km | 平均心率: 0 bpm
🎯 手機網頁 Dashboard (index.html) 更新成功！
🐙 正在同步至 GitHub...
🎉 【全線通車】手機端網頁已完美同步！
--- 🏁 流程執行完畢 ---
[main 83ed62d] 🛰️ Dashboard Updated - 2026-06-02
 1 file changed, 1 insertion(+), 1 deletion(-)
To github.com:kipchogelee/cyber-test.git
   399f6c1..83ed62d  main -> main
--- 🏁 啟動程式內建課表流水線 ---
🛰️ 正在連線至 Garmin 國際雲端伺服器...
🔑 找到緩存 token，嘗試免密登入...
✅ Token 登入成功（用戶: e242b3b6-9c02-4496-9fad-a897847fa230）
🎯 數據抓取成功！距離: 0.00 km | 平均心率: 0 bpm
🎯 手機網頁 Dashboard (index.html) 更新成功！
🐙 正在同步至 GitHub...
🎉 【全線通車】手機端網頁已完美同步！
--- 🏁 流程執行完畢 ---
[main cd4ab72] 🛰️ Dashboard Updated - 2026-06-04
 2 files changed, 14 insertions(+), 1 deletion(-)
To github.com:kipchogelee/cyber-test.git
   83ed62d..cd4ab72  main -> main
--- 🏁 啟動程式內建課表流水線 ---
🛰️ 正在連線至 Garmin 國際雲端伺服器...
🔑 找到緩存 token，嘗試免密登入...
✅ Token 登入成功（用戶: e242b3b6-9c02-4496-9fad-a897847fa230）
🎯 數據抓取成功！距離: 0.00 km | 平均心率: 0 bpm
🎯 手機網頁 Dashboard (index.html) 更新成功！
🐙 正在同步至 GitHub...
🎉 【全線通車】手機端網頁已完美同步！
--- 🏁 流程執行完畢 ---
[main 4d73c57] 🛰️ Dashboard Updated - 2026-06-08
 2 files changed, 14 insertions(+), 1 deletion(-)
To github.com:kipchogelee/cyber-test.git
   cd4ab72..4d73c57  main -> main
--- 🏁 啟動程式內建課表流水線 ---
🛰️ 正在連線至 Garmin 國際雲端伺服器...
🔑 找到緩存 token，嘗試免密登入...
✅ Token 登入成功（用戶: e242b3b6-9c02-4496-9fad-a897847fa230）
🎯 數據抓取成功！距離: 0.00 km | 平均心率: 0 bpm
🎯 手機網頁 Dashboard (index.html) 更新成功！
🐙 正在同步至 GitHub...
🎉 【全線通車】手機端網頁已完美同步！
--- 🏁 流程執行完畢 ---
[main 8acb739] 🛰️ Dashboard Updated - 2026-06-09
 2 files changed, 14 insertions(+), 1 deletion(-)
To github.com:kipchogelee/cyber-test.git
   4d73c57..8acb739  main -> main
--- 🏁 啟動程式內建課表流水線 ---
🛰️ 正在連線至 Garmin 國際雲端伺服器...
🔑 找到緩存 token，嘗試免密登入...
✅ Token 登入成功（用戶: e242b3b6-9c02-4496-9fad-a897847fa230）
🎯 數據抓取成功！距離: 0.00 km | 平均心率: 0 bpm
🎯 手機網頁 Dashboard (index.html) 更新成功！
🐙 正在同步至 GitHub...
🎉 【全線通車】手機端網頁已完美同步！
--- 🏁 流程執行完畢 ---
[main 11d29b1] 🛰️ Dashboard Updated - 2026-06-10
 2 files changed, 14 insertions(+), 1 deletion(-)
To github.com:kipchogelee/cyber-test.git
   8acb739..11d29b1  main -> main
--- 🏁 啟動程式內建課表流水線 ---
🛰️ 正在連線至 Garmin 國際雲端伺服器...
🔑 找到緩存 token，嘗試免密登入...
✅ Token 登入成功（用戶: e242b3b6-9c02-4496-9fad-a897847fa230）
🎯 數據抓取成功！距離: 0.00 km | 平均心率: 0 bpm
🎯 手機網頁 Dashboard (index.html) 更新成功！
🐙 正在同步至 GitHub...
🎉 【全線通車】手機端網頁已完美同步！
--- 🏁 流程執行完畢 ---
[main 713c62d] 🛰️ Dashboard Updated - 2026-06-11
 2 files changed, 14 insertions(+), 1 deletion(-)
To github.com:kipchogelee/cyber-test.git
   11d29b1..713c62d  main -> main
--- 🏁 啟動程式內建課表流水線 ---
🛰️ 正在連線至 Garmin 國際雲端伺服器...
🔑 找到緩存 token，嘗試免密登入...
✅ Token 登入成功（用戶: e242b3b6-9c02-4496-9fad-a897847fa230）
🎯 數據抓取成功！距離: 0.00 km | 平均心率: 0 bpm
🎯 手機網頁 Dashboard (index.html) 更新成功！
🐙 正在同步至 GitHub...
🎉 【全線通車】手機端網頁已完美同步！
--- 🏁 流程執行完畢 ---
[main 48ed03c] 🛰️ Dashboard Updated - 2026-06-12
 2 files changed, 14 insertions(+), 1 deletion(-)
To github.com:kipchogelee/cyber-test.git
   713c62d..48ed03c  main -> main
--- 🏁 啟動程式內建課表流水線 ---
🛰️ 正在連線至 Garmin 國際雲端伺服器...
🔑 找到緩存 token，嘗試免密登入...
✅ Token 登入成功（用戶: e242b3b6-9c02-4496-9fad-a897847fa230）
🎯 數據抓取成功！距離: 0.00 km | 平均心率: 0 bpm
🎯 手機網頁 Dashboard (index.html) 更新成功！
🐙 正在同步至 GitHub...
🎉 【全線通車】手機端網頁已完美同步！
--- 🏁 流程執行完畢 ---
[main dc34a75] 🛰️ Dashboard Updated - 2026-06-15
 2 files changed, 14 insertions(+), 1 deletion(-)
To github.com:kipchogelee/cyber-test.git
   48ed03c..dc34a75  main -> main
--- 🏁 啟動程式內建課表流水線 ---
🛰️ 正在連線至 Garmin 國際雲端伺服器...
🔑 找到緩存 token，嘗試免密登入...
✅ Token 登入成功（用戶: e242b3b6-9c02-4496-9fad-a897847fa230）
🎯 數據抓取成功！距離: 0.00 km | 平均心率: 0 bpm
🎯 手機網頁 Dashboard (index.html) 更新成功！
🐙 正在同步至 GitHub...
🎉 【全線通車】手機端網頁已完美同步！
--- 🏁 流程執行完畢 ---
[main 1c493a8] 🛰️ Dashboard Updated - 2026-06-16
 2 files changed, 14 insertions(+), 1 deletion(-)
To github.com:kipchogelee/cyber-test.git
   dc34a75..1c493a8  main -> main
--- 🏁 啟動程式內建課表流水線 ---
🛰️ 正在連線至 Garmin 國際雲端伺服器...
🔑 找到緩存 token，嘗試免密登入...
✅ Token 登入成功（用戶: e242b3b6-9c02-4496-9fad-a897847fa230）
🎯 數據抓取成功！距離: 0.00 km | 平均心率: 0 bpm
🎯 手機網頁 Dashboard (index.html) 更新成功！
🐙 正在同步至 GitHub...
🎉 【全線通車】手機端網頁已完美同步！
--- 🏁 流程執行完畢 ---
[main dd53c45] 🛰️ Dashboard Updated - 2026-06-17
 2 files changed, 14 insertions(+), 1 deletion(-)
To github.com:kipchogelee/cyber-test.git
   1c493a8..dd53c45  main -> main
--- 🏁 啟動程式內建課表流水線 ---
🛰️ 正在連線至 Garmin 國際雲端伺服器...
🔑 找到緩存 token，嘗試免密登入...
✅ Token 登入成功（用戶: e242b3b6-9c02-4496-9fad-a897847fa230）
🎯 數據抓取成功！距離: 0.00 km | 平均心率: 0 bpm
🎯 手機網頁 Dashboard (index.html) 更新成功！
🐙 正在同步至 GitHub...
🎉 【全線通車】手機端網頁已完美同步！
--- 🏁 流程執行完畢 ---
[main 489b3b2] 🛰️ Dashboard Updated - 2026-06-18
 2 files changed, 14 insertions(+), 1 deletion(-)
To github.com:kipchogelee/cyber-test.git
   dd53c45..489b3b2  main -> main
--- 🏁 啟動程式內建課表流水線 ---
🛰️ 正在連線至 Garmin 國際雲端伺服器...
🔑 找到緩存 token，嘗試免密登入...
✅ Token 登入成功（用戶: e242b3b6-9c02-4496-9fad-a897847fa230）
🎯 數據抓取成功！距離: 0.00 km | 平均心率: 0 bpm
🎯 手機網頁 Dashboard (index.html) 更新成功！
🐙 正在同步至 GitHub...
🎉 【全線通車】手機端網頁已完美同步！
--- 🏁 流程執行完畢 ---
[main a624871] 🛰️ Dashboard Updated - 2026-06-22
 2 files changed, 14 insertions(+), 1 deletion(-)
To github.com:kipchogelee/cyber-test.git
   489b3b2..a624871  main -> main
--- 🏁 啟動程式內建課表流水線 ---
🛰️ 正在連線至 Garmin 國際雲端伺服器...
🔑 找到緩存 token，嘗試免密登入...
✅ Token 登入成功（用戶: e242b3b6-9c02-4496-9fad-a897847fa230）
🎯 數據抓取成功！距離: 0.00 km | 平均心率: 0 bpm
🎯 手機網頁 Dashboard (index.html) 更新成功！
🐙 正在同步至 GitHub...
🎉 【全線通車】手機端網頁已完美同步！
--- 🏁 流程執行完畢 ---
[main 73da07d] 🛰️ Dashboard Updated - 2026-06-23
 2 files changed, 14 insertions(+), 1 deletion(-)
To github.com:kipchogelee/cyber-test.git
   a624871..73da07d  main -> main
--- 🏁 啟動程式內建課表流水線 ---
🛰️ 正在連線至 Garmin 國際雲端伺服器...
🔑 找到緩存 token，嘗試免密登入...
✅ Token 登入成功（用戶: e242b3b6-9c02-4496-9fad-a897847fa230）
🎯 數據抓取成功！距離: 0.00 km | 平均心率: 0 bpm
🎯 手機網頁 Dashboard (index.html) 更新成功！
🐙 正在同步至 GitHub...
🎉 【全線通車】手機端網頁已完美同步！
--- 🏁 流程執行完畢 ---
[main 07a5cfe] 🛰️ Dashboard Updated - 2026-06-24
 2 files changed, 14 insertions(+), 1 deletion(-)
To github.com:kipchogelee/cyber-test.git
   73da07d..07a5cfe  main -> main
--- 🏁 啟動程式內建課表流水線 ---
🛰️ 正在連線至 Garmin 國際雲端伺服器...
🔑 找到緩存 token，嘗試免密登入...
✅ Token 登入成功（用戶: e242b3b6-9c02-4496-9fad-a897847fa230）
🎯 數據抓取成功！距離: 0.00 km | 平均心率: 0 bpm
🎯 手機網頁 Dashboard (index.html) 更新成功！
🐙 正在同步至 GitHub...
🎉 【全線通車】手機端網頁已完美同步！
--- 🏁 流程執行完畢 ---
[main 418a84d] 🛰️ Dashboard Updated - 2026-06-25
 2 files changed, 14 insertions(+), 1 deletion(-)
To github.com:kipchogelee/cyber-test.git
   07a5cfe..418a84d  main -> main
--- 🏁 啟動程式內建課表流水線 ---
🛰️ 正在連線至 Garmin 國際雲端伺服器...
🔑 找到緩存 token，嘗試免密登入...
✅ Token 登入成功（用戶: e242b3b6-9c02-4496-9fad-a897847fa230）
🎯 數據抓取成功！距離: 0.00 km | 平均心率: 0 bpm
🎯 手機網頁 Dashboard (index.html) 更新成功！
🐙 正在同步至 GitHub...
🎉 【全線通車】手機端網頁已完美同步！
--- 🏁 流程執行完畢 ---
[main 05d1b03] 🛰️ Dashboard Updated - 2026-06-26
 2 files changed, 14 insertions(+), 1 deletion(-)
To github.com:kipchogelee/cyber-test.git
   418a84d..05d1b03  main -> main
--- 🏁 啟動程式內建課表流水線 ---
🛰️ 正在連線至 Garmin 國際雲端伺服器...
🔑 找到緩存 token，嘗試免密登入...
✅ Token 登入成功（用戶: e242b3b6-9c02-4496-9fad-a897847fa230）
🎯 數據抓取成功！距離: 0.00 km | 平均心率: 0 bpm
🎯 手機網頁 Dashboard (index.html) 更新成功！
🐙 正在同步至 GitHub...
🎉 【全線通車】手機端網頁已完美同步！
--- 🏁 流程執行完畢 ---
[main 9879048] 🛰️ Dashboard Updated - 2026-06-29
 2 files changed, 14 insertions(+), 1 deletion(-)
To github.com:kipchogelee/cyber-test.git
   05d1b03..9879048  main -> main
--- 🏁 啟動程式內建課表流水線 ---
🛰️ 正在連線至 Garmin 國際雲端伺服器...
🔑 找到緩存 token，嘗試免密登入...
✅ Token 登入成功（用戶: e242b3b6-9c02-4496-9fad-a897847fa230）
🎯 數據抓取成功！距離: 0.00 km | 平均心率: 0 bpm
🎯 手機網頁 Dashboard (index.html) 更新成功！
🐙 正在同步至 GitHub...
🎉 【全線通車】手機端網頁已完美同步！
--- 🏁 流程執行完畢 ---
[main 9969648] 🛰️ Dashboard Updated - 2026-06-30
 2 files changed, 14 insertions(+), 1 deletion(-)
To github.com:kipchogelee/cyber-test.git
   9879048..9969648  main -> main
--- 🏁 啟動程式內建課表流水線 ---
🛰️ 正在連線至 Garmin 國際雲端伺服器...
🔑 找到緩存 token，嘗試免密登入...
✅ Token 登入成功（用戶: e242b3b6-9c02-4496-9fad-a897847fa230）
🎯 數據抓取成功！距離: 0.00 km | 平均心率: 0 bpm
🎯 手機網頁 Dashboard (index.html) 更新成功！
🐙 正在同步至 GitHub...
🎉 【全線通車】手機端網頁已完美同步！
--- 🏁 流程執行完畢 ---
[main 57fb5de] 🛰️ Dashboard Updated - 2026-07-01
 2 files changed, 14 insertions(+), 1 deletion(-)
To github.com:kipchogelee/cyber-test.git
   9969648..57fb5de  main -> main
--- 🏁 啟動程式內建課表流水線 ---
🛰️ 正在連線至 Garmin 國際雲端伺服器...
🔑 找到緩存 token，嘗試免密登入...
✅ Token 登入成功（用戶: e242b3b6-9c02-4496-9fad-a897847fa230）
🎯 數據抓取成功！距離: 0.00 km | 平均心率: 0 bpm
🎯 手機網頁 Dashboard (index.html) 更新成功！
🐙 正在同步至 GitHub...
🎉 【全線通車】手機端網頁已完美同步！
--- 🏁 流程執行完畢 ---
[main fdcfabf] 🛰️ Dashboard Updated - 2026-07-02
 2 files changed, 14 insertions(+), 1 deletion(-)
To github.com:kipchogelee/cyber-test.git
   57fb5de..fdcfabf  main -> main
--- 🏁 啟動程式內建課表流水線 ---
🛰️ 正在連線至 Garmin 國際雲端伺服器...
🔑 找到緩存 token，嘗試免密登入...
✅ Token 登入成功（用戶: e242b3b6-9c02-4496-9fad-a897847fa230）
🎯 數據抓取成功！距離: 0.00 km | 平均心率: 0 bpm
🎯 手機網頁 Dashboard (index.html) 更新成功！
🐙 正在同步至 GitHub...
🎉 【全線通車】手機端網頁已完美同步！
--- 🏁 流程執行完畢 ---
[main 2aead20] 🛰️ Dashboard Updated - 2026-07-03
 2 files changed, 14 insertions(+), 1 deletion(-)
To github.com:kipchogelee/cyber-test.git
   fdcfabf..2aead20  main -> main
--- 🏁 啟動程式內建課表流水線 ---
🛰️ 正在連線至 Garmin 國際雲端伺服器...
🔑 找到緩存 token，嘗試免密登入...
✅ Token 登入成功（用戶: e242b3b6-9c02-4496-9fad-a897847fa230）
🎯 數據抓取成功！距離: 0.00 km | 平均心率: 0 bpm
🎯 手機網頁 Dashboard (index.html) 更新成功！
🐙 正在同步至 GitHub...
🎉 【全線通車】手機端網頁已完美同步！
--- 🏁 流程執行完畢 ---
[main cd71fa2] 🛰️ Dashboard Updated - 2026-07-04
 2 files changed, 14 insertions(+), 1 deletion(-)
To github.com:kipchogelee/cyber-test.git
   2aead20..cd71fa2  main -> main
--- 🏁 啟動程式內建課表流水線 ---
🛰️ 正在連線至 Garmin 國際雲端伺服器...
🔑 找到緩存 token，嘗試免密登入...
✅ Token 登入成功（用戶: e242b3b6-9c02-4496-9fad-a897847fa230）
🎯 數據抓取成功！距離: 0.00 km | 平均心率: 0 bpm
🎯 手機網頁 Dashboard (index.html) 更新成功！
🐙 正在同步至 GitHub...
🎉 【全線通車】手機端網頁已完美同步！
--- 🏁 流程執行完畢 ---
[main f2677ee] 🛰️ Dashboard Updated - 2026-07-05
 2 files changed, 14 insertions(+), 1 deletion(-)
To github.com:kipchogelee/cyber-test.git
   cd71fa2..f2677ee  main -> main
--- 🏁 啟動程式內建課表流水線 ---
🛰️ 正在連線至 Garmin 國際雲端伺服器...
🔑 找到緩存 token，嘗試免密登入...
✅ Token 登入成功（用戶: e242b3b6-9c02-4496-9fad-a897847fa230）
🎯 數據抓取成功！距離: 0.00 km | 平均心率: 0 bpm
🎯 手機網頁 Dashboard (index.html) 更新成功！
🐙 正在同步至 GitHub...
🎉 【全線通車】手機端網頁已完美同步！
--- 🏁 流程執行完畢 ---
[main 00ad5cf] 🛰️ Dashboard Updated - 2026-07-06
 2 files changed, 14 insertions(+), 1 deletion(-)
To github.com:kipchogelee/cyber-test.git
   f2677ee..00ad5cf  main -> main
--- 🏁 啟動程式內建課表流水線 ---
🛰️ 正在連線至 Garmin 國際雲端伺服器...
🔑 找到緩存 token，嘗試免密登入...
✅ Token 登入成功（用戶: e242b3b6-9c02-4496-9fad-a897847fa230）
🎯 數據抓取成功！距離: 0.00 km | 平均心率: 0 bpm
🎯 手機網頁 Dashboard (index.html) 更新成功！
🐙 正在同步至 GitHub...
🎉 【全線通車】手機端網頁已完美同步！
--- 🏁 流程執行完畢 ---
[main 4c63222] 🛰️ Dashboard Updated - 2026-07-07
 2 files changed, 14 insertions(+), 1 deletion(-)
To github.com:kipchogelee/cyber-test.git
   00ad5cf..4c63222  main -> main
--- 🏁 啟動程式內建課表流水線 ---
🛰️ 正在連線至 Garmin 國際雲端伺服器...
🔑 找到緩存 token，嘗試免密登入...
✅ Token 登入成功（用戶: e242b3b6-9c02-4496-9fad-a897847fa230）
🎯 數據抓取成功！距離: 0.00 km | 平均心率: 0 bpm
🎯 手機網頁 Dashboard (index.html) 更新成功！
🐙 正在同步至 GitHub...
🎉 【全線通車】手機端網頁已完美同步！
--- 🏁 流程執行完畢 ---
[main 1470672] 🛰️ Dashboard Updated - 2026-07-15
 2 files changed, 14 insertions(+), 1 deletion(-)
To github.com:kipchogelee/cyber-test.git
   4c63222..1470672  main -> main
--- 🏁 啟動程式內建課表流水線 ---
🛰️ 正在連線至 Garmin 國際雲端伺服器...
🔑 找到緩存 token，嘗試免密登入...
✅ Token 登入成功（用戶: e242b3b6-9c02-4496-9fad-a897847fa230）
🎯 數據抓取成功！距離: 0.00 km | 平均心率: 0 bpm
🎯 手機網頁 Dashboard (index.html) 更新成功！
🐙 正在同步至 GitHub...
🎉 【全線通車】手機端網頁已完美同步！
--- 🏁 流程執行完畢 ---
[main b2371d1] 🛰️ Dashboard Updated - 2026-07-16
 2 files changed, 14 insertions(+), 1 deletion(-)
To github.com:kipchogelee/cyber-test.git
   1470672..b2371d1  main -> main
--- 🏁 啟動程式內建課表流水線 ---
🛰️ 正在連線至 Garmin 國際雲端伺服器...
🔑 找到緩存 token，嘗試免密登入...
✅ Token 登入成功（用戶: e242b3b6-9c02-4496-9fad-a897847fa230）
🎯 數據抓取成功！距離: 0.00 km | 平均心率: 0 bpm
🎯 手機網頁 Dashboard (index.html) 更新成功！
🐙 正在同步至 GitHub...
🎉 【全線通車】手機端網頁已完美同步！
--- 🏁 流程執行完畢 ---
[main 65be4e8] 🛰️ Dashboard Updated - 2026-07-17
 2 files changed, 14 insertions(+), 1 deletion(-)
To github.com:kipchogelee/cyber-test.git
   b2371d1..65be4e8  main -> main
--- 🏁 啟動程式內建課表流水線 ---
🛰️ 正在連線至 Garmin 國際雲端伺服器...
🔑 找到緩存 token，嘗試免密登入...
✅ Token 登入成功（用戶: e242b3b6-9c02-4496-9fad-a897847fa230）
🎯 數據抓取成功！距離: 0.00 km | 平均心率: 0 bpm
🎯 手機網頁 Dashboard (index.html) 更新成功！
🐙 正在同步至 GitHub...
🎉 【全線通車】手機端網頁已完美同步！
--- 🏁 流程執行完畢 ---
mobile+cffi failed: Failed to perform, curl: (6) Could not resolve host: sso.garmin.com. See https://curl.se/libcurl/c/libcurl-errors.html first for more details.
mobile+requests failed: HTTPSConnectionPool(host='sso.garmin.com', port=443): Max retries exceeded with url: /mobile/api/login?clientId=GCM_IOS_DARK&locale=en-US&service=https%3A%2F%2Fmobile.integration.garmin.com%2Fgcm%2Fios (Caused by NameResolutionError("HTTPSConnection(host='sso.garmin.com', port=443): Failed to resolve 'sso.garmin.com' ([Errno -3] Temporary failure in name resolution)"))
widget+cffi failed: Failed to perform, curl: (6) Could not resolve host: sso.garmin.com. See https://curl.se/libcurl/c/libcurl-errors.html first for more details.
portal+cffi failed: Failed to perform, curl: (6) Could not resolve host: sso.garmin.com. See https://curl.se/libcurl/c/libcurl-errors.html first for more details.
portal+requests failed: HTTPSConnectionPool(host='sso.garmin.com', port=443): Max retries exceeded with url: /portal/sso/en-US/sign-in?clientId=GarminConnect&service=https%3A%2F%2Fconnect.garmin.com%2Fapp (Caused by NameResolutionError("HTTPSConnection(host='sso.garmin.com', port=443): Failed to resolve 'sso.garmin.com' ([Errno -3] Temporary failure in name resolution)"))
Login failed: All login strategies exhausted: HTTPSConnectionPool(host='sso.garmin.com', port=443): Max retries exceeded with url: /portal/sso/en-US/sign-in?clientId=GarminConnect&service=https%3A%2F%2Fconnect.garmin.com%2Fapp (Caused by NameResolutionError("HTTPSConnection(host='sso.garmin.com', port=443): Failed to resolve 'sso.garmin.com' ([Errno -3] Temporary failure in name resolution)")) (status=None)
Traceback (most recent call last):
  File "/home/kenclaw/projects/cyber-test/venv/lib/python3.12/site-packages/garminconnect/__init__.py", line 594, in login
    mfa_status, _legacy_token = self.client.login(
                                ^^^^^^^^^^^^^^^^^^
  File "/home/kenclaw/projects/cyber-test/venv/lib/python3.12/site-packages/garminconnect/client.py", line 300, in login
    raise GarminConnectConnectionError(
garminconnect.exceptions.GarminConnectConnectionError: All login strategies exhausted: HTTPSConnectionPool(host='sso.garmin.com', port=443): Max retries exceeded with url: /portal/sso/en-US/sign-in?clientId=GarminConnect&service=https%3A%2F%2Fconnect.garmin.com%2Fapp (Caused by NameResolutionError("HTTPSConnection(host='sso.garmin.com', port=443): Failed to resolve 'sso.garmin.com' ([Errno -3] Temporary failure in name resolution)"))
[main 80bcc0c] 🛰️ Dashboard Updated - 2026-07-21
 2 files changed, 27 insertions(+), 1 deletion(-)
ssh: Could not resolve hostname github.com: Temporary failure in name resolution
fatal: Could not read from remote repository.

Please make sure you have the correct access rights
and the repository exists.
--- 🏁 啟動程式內建課表流水線 ---
🛰️ 正在連線至 Garmin 國際雲端伺服器...
🔑 找到緩存 token，嘗試免密登入...
⚠️ Token 已失效，改用密碼重新登入: Failed to retrieve social profile
🔐 正在使用密碼登入 Garmin...
❌ Garmin 數據獲取失敗: Login failed: All login strategies exhausted: HTTPSConnectionPool(host='sso.garmin.com', port=443): Max retries exceeded with url: /portal/sso/en-US/sign-in?clientId=GarminConnect&service=https%3A%2F%2Fconnect.garmin.com%2Fapp (Caused by NameResolutionError("HTTPSConnection(host='sso.garmin.com', port=443): Failed to resolve 'sso.garmin.com' ([Errno -3] Temporary failure in name resolution)"))
🎯 手機網頁 Dashboard (index.html) 更新成功！
🐙 正在同步至 GitHub...
❌ Git 推送失敗: Command '['git', 'push']' returned non-zero exit status 128.
--- 🏁 流程執行完畢 ---
mobile+cffi returned 429: Mobile login returned 429 — IP rate limited by Garmin
mobile+requests returned 429: Mobile login returned 429 — IP rate limited by Garmin
[main 9ddc3b8] 🛰️ Dashboard Updated - 2026-07-22
 2 files changed, 20 insertions(+), 1 deletion(-)
To github.com:kipchogelee/cyber-test.git
   65be4e8..9ddc3b8  main -> main
--- 🏁 啟動程式內建課表流水線 ---
🛰️ 正在連線至 Garmin 國際雲端伺服器...
🔐 正在使用密碼登入 Garmin...
💾 新 token 已保存至 /home/kenclaw/.garmin_tokens.json
🎯 數據抓取成功！距離: 0.00 km | 平均心率: 0 bpm
🎯 手機網頁 Dashboard (index.html) 更新成功！
🐙 正在同步至 GitHub...
🎉 【全線通車】手機端網頁已完美同步！
--- 🏁 流程執行完畢 ---
[main ffa5001] 🛰️ Dashboard Updated - 2026-07-23
 2 files changed, 14 insertions(+), 1 deletion(-)
To github.com:kipchogelee/cyber-test.git
   9ddc3b8..ffa5001  main -> main
--- 🏁 啟動程式內建課表流水線 ---
🛰️ 正在連線至 Garmin 國際雲端伺服器...
🔑 找到緩存 token，嘗試免密登入...
✅ Token 登入成功（用戶: e242b3b6-9c02-4496-9fad-a897847fa230）
🎯 數據抓取成功！距離: 0.00 km | 平均心率: 0 bpm
🎯 手機網頁 Dashboard (index.html) 更新成功！
🐙 正在同步至 GitHub...
🎉 【全線通車】手機端網頁已完美同步！
--- 🏁 流程執行完畢 ---
